<?xml version="1.0" encoding="UTF-8"?>
<!-- Generated by org.testng.reporters.JUnitXMLReporter -->
<testsuite ignored="0" hostname="DESKTOP-HN5IFF8" failures="0" tests="5" name="Default test" time="7.995" errors="0" timestamp="2021-09-13T10:50:11 IST">
  <testcase classname="com.test.Scenario3" name="invalidKeyPostStation_401" time="2.476"/>
  <testcase classname="com.test.Scenario3" name="validatePostStation_201" time="1.225"/>
  <testcase classname="com.test.Scenario3" name="validateGetStation" time="1.093"/>
  <testcase classname="com.test.Scenario3" name="validateDeleteStation_204" time="1.075"/>
  <testcase classname="com.test.Scenario3" name="validateDeleteStation_404" time="1.249"/>
</testsuite> <!-- Default test -->
