<?xml version="1.0" encoding="UTF-8"?>
<!-- Generated by org.testng.reporters.JUnitXMLReporter -->
<testsuite ignored="0" hostname="DESKTOP-HN5IFF8" failures="0" tests="6" name="Conga" time="36.993" errors="0" timestamp="2021-09-13T11:11:04 IST">
  <testcase classname="com.test.Scenario1" name="testShoppingCart" time="16.474"/>
  <testcase classname="com.test.Scenario3" name="invalidKeyPostStation_401" time="2.402"/>
  <testcase classname="com.test.Scenario3" name="validatePostStation_201" time="1.285"/>
  <testcase classname="com.test.Scenario3" name="validateGetStation" time="1.021"/>
  <testcase classname="com.test.Scenario3" name="validateDeleteStation_204" time="2.776"/>
  <testcase classname="com.test.Scenario3" name="validateDeleteStation_404" time="1.295"/>
</testsuite> <!-- Conga -->
