<?xml version="1.0" encoding="UTF-8"?>
<testng-results ignored="0" total="6" passed="6" failed="0" skipped="0">
  <reporter-output>
  </reporter-output>
  <suite started-at="2021-09-13T10:52:34 IST" name="Conga Assignment" finished-at="2021-09-13T10:53:39 IST" duration-ms="65043">
    <groups>
    </groups>
    <test started-at="2021-09-13T10:52:34 IST" name="Conga" finished-at="2021-09-13T10:53:39 IST" duration-ms="65043">
      <class name="com.test.Scenario3">
        <test-method is-config="true" signature="setup()[pri:0, instance:com.test.Scenario3@2ed2d9cb]" started-at="2021-09-13T10:52:34 IST" name="setup" finished-at="2021-09-13T10:52:35 IST" duration-ms="736" status="PASS">
          <reporter-output>
          </reporter-output>
        </test-method> <!-- setup -->
        <test-method signature="invalidKeyPostStation_401()[pri:1, instance:com.test.Scenario3@2ed2d9cb]" started-at="2021-09-13T10:53:32 IST" name="invalidKeyPostStation_401" finished-at="2021-09-13T10:53:35 IST" duration-ms="2293" status="PASS">
          <reporter-output>
          </reporter-output>
        </test-method> <!-- invalidKeyPostStation_401 -->
        <test-method signature="validatePostStation_201()[pri:2, instance:com.test.Scenario3@2ed2d9cb]" started-at="2021-09-13T10:53:35 IST" name="validatePostStation_201" finished-at="2021-09-13T10:53:36 IST" duration-ms="1267" status="PASS">
          <reporter-output>
          </reporter-output>
        </test-method> <!-- validatePostStation_201 -->
        <test-method signature="validateGetStation()[pri:3, instance:com.test.Scenario3@2ed2d9cb]" started-at="2021-09-13T10:53:36 IST" name="validateGetStation" finished-at="2021-09-13T10:53:37 IST" duration-ms="1179" status="PASS">
          <reporter-output>
          </reporter-output>
        </test-method> <!-- validateGetStation -->
        <test-method signature="validateDeleteStation_204()[pri:4, instance:com.test.Scenario3@2ed2d9cb]" started-at="2021-09-13T10:53:37 IST" name="validateDeleteStation_204" finished-at="2021-09-13T10:53:38 IST" duration-ms="1135" status="PASS">
          <reporter-output>
          </reporter-output>
        </test-method> <!-- validateDeleteStation_204 -->
        <test-method signature="validateDeleteStation_404()[pri:5, instance:com.test.Scenario3@2ed2d9cb]" started-at="2021-09-13T10:53:38 IST" name="validateDeleteStation_404" finished-at="2021-09-13T10:53:39 IST" duration-ms="1176" status="PASS">
          <reporter-output>
          </reporter-output>
        </test-method> <!-- validateDeleteStation_404 -->
      </class> <!-- com.test.Scenario3 -->
      <class name="com.test.Scenario1">
        <test-method is-config="true" signature="setup()[pri:0, instance:com.test.Scenario1@71238fc2]" started-at="2021-09-13T10:52:35 IST" name="setup" finished-at="2021-09-13T10:52:52 IST" duration-ms="16552" status="PASS">
          <reporter-output>
          </reporter-output>
        </test-method> <!-- setup -->
        <test-method signature="testShoppingCart()[pri:0, instance:com.test.Scenario1@71238fc2]" started-at="2021-09-13T10:52:52 IST" name="testShoppingCart" finished-at="2021-09-13T10:53:32 IST" duration-ms="39909" status="PASS">
          <reporter-output>
          </reporter-output>
        </test-method> <!-- testShoppingCart -->
        <test-method is-config="true" signature="tearDown()[pri:0, instance:com.test.Scenario1@71238fc2]" started-at="2021-09-13T10:53:32 IST" name="tearDown" finished-at="2021-09-13T10:53:32 IST" duration-ms="737" status="PASS">
          <reporter-output>
          </reporter-output>
        </test-method> <!-- tearDown -->
      </class> <!-- com.test.Scenario1 -->
    </test> <!-- Conga -->
  </suite> <!-- Conga Assignment -->
</testng-results>
